<?xml version="1.0" encoding="UTF-8"?>
<testng-results ignored="0" total="1" passed="1" failed="0" skipped="0">
  <reporter-output>
  </reporter-output>
  <suite started-at="2025-08-25T19:22:45 IST" name="Suite" finished-at="2025-08-25T19:22:56 IST" duration-ms="10814">
    <groups>
    </groups>
    <test started-at="2025-08-25T19:22:45 IST" name="Test" finished-at="2025-08-25T19:22:56 IST" duration-ms="10814">
      <class name="snapdeal_shopping.class_snapdeal">
        <test-method signature="open_snapdeal()[pri:0, instance:snapdeal_shopping.class_snapdeal@5bf0d49]" started-at="2025-08-25T19:22:45 IST" name="open_snapdeal" finished-at="2025-08-25T19:22:56 IST" duration-ms="10778" status="PASS">
          <reporter-output>
          </reporter-output>
        </test-method> <!-- open_snapdeal -->
      </class> <!-- snapdeal_shopping.class_snapdeal -->
    </test> <!-- Test -->
  </suite> <!-- Suite -->
</testng-results>
